#
# A fatal error has been detected by the Java Runtime Environment:
#
#  EXCEPTION_ACCESS_VIOLATION (0xc0000005) at pc=0x00007ff8b532dccc, pid=11980, tid=18416
#
# JRE version: OpenJDK Runtime Environment (20.0.2+9) (build 20.0.2+9-78)
# Java VM: OpenJDK 64-Bit Server VM (20.0.2+9-78, mixed mode, sharing, tiered, compressed oops, compressed class ptrs, g1 gc, windows-amd64)
# Problematic frame:
# C  [ntdll.dll+0x4dccc]
#
# No core dump will be written. Minidumps are not enabled by default on client versions of Windows
#
# If you would like to submit a bug report, please visit:
#   https://bugreport.java.com/bugreport/crash.jsp
#

---------------  S U M M A R Y ------------

Command Line: -Dfile.encoding=windows-1252 -Duser.country=US -Duser.language=en -Duser.variant org.example.Main

Host: AMD Ryzen 5 1500X Quad-Core Processor          , 8 cores, 15G,  Windows 10 , 64 bit Build 18362 (10.0.18362.1500)
Time: Wed Jan  3 13:07:22 2024 Eastern Standard Time elapsed time: 1.817604 seconds (0d 0h 0m 1s)

---------------  T H R E A D  ---------------

Current thread (0x0000027ce7bb7b20):  JavaThread "main" [_thread_in_vm, id=18416, stack(0x000000e239f00000,0x000000e23a000000)]

Stack: [0x000000e239f00000,0x000000e23a000000],  sp=0x000000e239ffebd8,  free space=1018k
Native frames: (J=compiled Java code, j=interpreted, Vv=VM code, C=native code)
C  [ntdll.dll+0x4dccc]
C  [ntdll.dll+0x3b91f]
C  [ntdll.dll+0x3b434]
C  [ucrtbase.dll+0x12596]
V  [jvm.dll+0x6aeb43]
V  [jvm.dll+0xbce35]
V  [jvm.dll+0x43b3ca]
C  [imgui-java64.dll+0x93cc0]

Java frames: (J=compiled Java code, j=interpreted, Vv=VM code)
j  imgui.ImGui.begin(Ljava/lang/String;)Z+0
j  aperture.simulator.Renderer.doImGui()V+13
j  aperture.simulator.Renderer.render()V+425
j  aperture.simulator.Simulator.run()V+33
j  org.example.Main.main([Ljava/lang/String;)V+10
v  ~StubRoutines::call_stub 0x0000027cf71a100d

siginfo: EXCEPTION_ACCESS_VIOLATION (0xc0000005), reading address 0xffffffffffffffff


Registers:
RAX=0x0000000000000001, RBX=0x00ff0000ff0000ff, RCX=0xff0000ff0000ff00, RDX=0xff1fe0ff1fe0ff18
RSP=0x000000e239ffebd8, RBP=0x00000000000000d0, RSI=0xff0000ff0000ff08, RDI=0x0000027cd36ea4f0
R8 =0x0000000000000022, R9 =0x0000000000000040, R10=0xff0000ff0000ff08, R11=0xffffffffffffffff
R12=0x0000000000000040, R13=0x0000027ce59124c0, R14=0x000000e239bc9000, R15=0x0000027cd36ea4d0
RIP=0x00007ff8b532dccc, EFLAGS=0x0000000000010213


Register to memory mapping:

RIP=0x00007ff8b532dccc ntdll.dll
RAX=0x0000000000000001 is an unknown value
RBX=0x00ff0000ff0000ff is an unknown value
RCX=0xff0000ff0000ff00 is an unknown value
RDX=0xff1fe0ff1fe0ff18 is an unknown value
RSP=0x000000e239ffebd8 is pointing into the stack for thread: 0x0000027ce7bb7b20
RBP=0x00000000000000d0 is an unknown value
RSI=0xff0000ff0000ff08 is an unknown value
RDI=0x0000027cd36ea4f0 points into unknown readable memory: 0x00ff0000ff0000ff | ff 00 00 ff 00 00 ff 00
R8 =0x0000000000000022 is an unknown value
R9 =0x0000000000000040 is an unknown value
R10=0xff0000ff0000ff08 is an unknown value
R11=0xffffffffffffffff is an unknown value
R12=0x0000000000000040 is an unknown value
R13=0x0000027ce59124c0 points into unknown readable memory: 0x0000027ce5910de0 | e0 0d 91 e5 7c 02 00 00
R14=0x000000e239bc9000 points into unknown readable memory: 0x0000000000000000 | 00 00 00 00 00 00 00 00
R15=0x0000027cd36ea4d0 points into unknown readable memory: 0x0000ff0000ff0000 | 00 00 ff 00 00 ff 00 00


Top of Stack: (sp=0x000000e239ffebd8)
0x000000e239ffebd8:   00007ff8b531b91f 00000000006200e9
0x000000e239ffebe8:   0000000000000020 0000027cd3307bd0
0x000000e239ffebf8:   000000e241800000 0000027c40c00000
0x000000e239ffec08:   00000000c1600000 4080000000000000
0x000000e239ffec18:   0000027ce59124c0 0000027ccd971210
0x000000e239ffec28:   0000027ce5910000 0000027ce59102a8
0x000000e239ffec38:   0000027ccd971210 0000000000000020
0x000000e239ffec48:   0000027ce5910de0 000000e239ffec78
0x000000e239ffec58:   0000000000000000 0000000000000000
0x000000e239ffec68:   0000000000000020 000000000000000a
0x000000e239ffec78:   0000000000000004 0000027ce5990000
0x000000e239ffec88:   000000e239ffed49 0000000000000002
0x000000e239ffec98:   00007ff8b531b434 0000027ce5910000
0x000000e239ffeca8:   40c0000000000006 000000000000000a
0x000000e239ffecb8:   40c0000000000000 c150000041000000
0x000000e239ffecc8:   40c0000044188000 438a000000000002
0x000000e239ffecd8:   438e00004415c000 0000027ccd9e1870
0x000000e239ffece8:   0000000000000000 0000000000000000
0x000000e239ffecf8:   0000000000000000 0000000000000000
0x000000e239ffed08:   0000000000000000 0000000000000000
0x000000e239ffed18:   0000000000000000 0000000100000000
0x000000e239ffed28:   0000000000000000 0000000000000001
0x000000e239ffed38:   00007ff85f30d0d5 0000000000000000
0x000000e239ffed48:   0000000000000000 000000004484a000
0x000000e239ffed58:   0000000000000000 0000000044f00000
0x000000e239ffed68:   0000000000000000 0000000000000009
0x000000e239ffed78:   0000000000000000 000000e239ffefd0
0x000000e239ffed88:   0000027ce7bb7e00 000000000000000a
0x000000e239ffed98:   000000e239ffee60 0000000000000009
0x000000e239ffeda8:   00007ff8b2792596 0000000000000000
0x000000e239ffedb8:   000000000000000a 0000000000000000
0x000000e239ffedc8:   0000000000000000 000000000000000a 

Instructions: (pc=0x00007ff8b532dccc)
0x00007ff8b532dbcc:   06 00 45 33 e4 4d 8b c4 e9 85 fd ff ff e8 62 cc
0x00007ff8b532dbdc:   ff ff 8b c8 4c 8d 1d 19 24 fb ff b8 01 00 00 00
0x00007ff8b532dbec:   ba ff 00 00 00 03 c1 66 c1 e1 08 66 23 c2 66 0b
0x00007ff8b532dbfc:   c1 e9 e3 fc ff ff cc cc cc cc cc cc 48 89 5c 24
0x00007ff8b532dc0c:   08 48 89 74 24 10 48 89 7c 24 18 48 8b 19 49 83
0x00007ff8b532dc1c:   cb ff 44 8b d2 48 8b f9 48 8b 49 08 48 83 fb 40
0x00007ff8b532dc2c:   0f 83 80 00 00 00 41 8b c1 4c 8b d1 48 3b d8 73
0x00007ff8b532dc3c:   03 44 8b cb 49 8b 1a 45 0f af c1 41 c1 e8 07 41
0x00007ff8b532dc4c:   83 f9 40 73 21 41 8b c9 48 8b c3 48 f7 d0 41 bb
0x00007ff8b532dc5c:   01 00 00 00 48 0f bc d0 49 d3 e3 44 03 c2 8b ca
0x00007ff8b532dc6c:   49 ff cb 49 d3 e3 48 8b 74 24 10 49 f7 d3 4c 0b
0x00007ff8b532dc7c:   db 41 8b c8 49 d3 cb 49 f7 d3 49 0f bc cb 41 03
0x00007ff8b532dc8c:   c8 83 e1 3f 48 0f ab cb 49 89 1a 4c 2b 57 08 48
0x00007ff8b532dc9c:   8b 5c 24 08 48 8b 7c 24 18 49 c1 fa 03 41 c1 e2
0x00007ff8b532dcac:   06 42 8d 04 11 c3 48 8d 43 ff 48 c1 e8 06 48 8d
0x00007ff8b532dcbc:   14 c1 49 8b c2 48 c1 e8 06 4c 8d 14 c1 49 8b f2
0x00007ff8b532dccc:   4d 39 1a 0f 84 5f 96 05 00 4c 3b d2 0f 85 62 ff
0x00007ff8b532dcdc:   ff ff e9 6d 96 05 00 cc cc cc cc cc cc cc cc cc
0x00007ff8b532dcec:   48 83 ec 38 81 79 10 ee dd ee dd 48 8b d1 0f 10
0x00007ff8b532dcfc:   05 af 5b 11 00 f3 0f 7f 44 24 20 74 07 33 c0 48
0x00007ff8b532dd0c:   83 c4 38 c3 48 8d 4c 24 20 e8 02 f0 ff ff 48 3b
0x00007ff8b532dd1c:   10 74 ea b8 01 00 00 00 eb e5 cc cc cc cc cc cc
0x00007ff8b532dd2c:   48 8b c4 48 89 58 08 48 89 68 10 48 89 70 18 48
0x00007ff8b532dd3c:   89 78 20 41 56 48 83 ec 20 41 8b e8 48 8b da 48
0x00007ff8b532dd4c:   8b f1 e8 99 ff ff ff 45 33 f6 85 c0 0f 85 14 96
0x00007ff8b532dd5c:   05 00 41 8b fe 44 0f b7 cf 44 8b c5 48 8b d3 48
0x00007ff8b532dd6c:   8b ce e8 2d cd fe ff 48 85 c0 0f 84 06 96 05 00
0x00007ff8b532dd7c:   48 8b 5c 24 30 48 8b 6c 24 38 48 8b 74 24 40 48
0x00007ff8b532dd8c:   8b 7c 24 48 48 83 c4 20 41 5e c3 cc cc cc cc cc
0x00007ff8b532dd9c:   cc cc cc cc 48 8b 05 99 57 11 00 49 b8 ad 4e e6
0x00007ff8b532ddac:   a2 ad 4e e6 a2 48 33 c1 48 33 c2 49 33 c0 48 89
0x00007ff8b532ddbc:   42 10 48 8d 41 48 4c 8b 40 08 49 39 00 0f 85 77 


Stack slot to memory mapping:
stack at sp + 0 slots: 0x00007ff8b531b91f ntdll.dll
stack at sp + 1 slots: 0x00000000006200e9 is an unknown value
stack at sp + 2 slots: 0x0000000000000020 is an unknown value
stack at sp + 3 slots: 0x0000027cd3307bd0 points into unknown readable memory: 0x0000027ce59124c0 | c0 24 91 e5 7c 02 00 00
stack at sp + 4 slots: 0x000000e241800000 is an unknown value
stack at sp + 5 slots: 0x0000027c40c00000 is an unknown value
stack at sp + 6 slots: 0x00000000c1600000 is an unknown value
stack at sp + 7 slots: 0x4080000000000000 is an unknown value


---------------  P R O C E S S  ---------------

Threads class SMR info:
_java_thread_list=0x0000027cd32c4e50, length=13, elements={
0x0000027ce7bb7b20, 0x0000027c87223760, 0x0000027c87226370, 0x0000027c87227f80,
0x0000027c872298d0, 0x0000027c8722a570, 0x0000027c8722aeb0, 0x0000027c8723a350,
0x0000027ccc420490, 0x0000027ccc54c260, 0x0000027ccc551ea0, 0x0000027cd3330130,
0x0000027cd2fbfd00
}

Java Threads: ( => current thread )
=>0x0000027ce7bb7b20 JavaThread "main" [_thread_in_vm, id=18416, stack(0x000000e239f00000,0x000000e23a000000)]
  0x0000027c87223760 JavaThread "Reference Handler" daemon [_thread_blocked, id=27484, stack(0x000000e23a600000,0x000000e23a700000)]
  0x0000027c87226370 JavaThread "Finalizer" daemon [_thread_blocked, id=18260, stack(0x000000e23a700000,0x000000e23a800000)]
  0x0000027c87227f80 JavaThread "Signal Dispatcher" daemon [_thread_blocked, id=13292, stack(0x000000e23a800000,0x000000e23a900000)]
  0x0000027c872298d0 JavaThread "Attach Listener" daemon [_thread_blocked, id=25744, stack(0x000000e23a900000,0x000000e23aa00000)]
  0x0000027c8722a570 JavaThread "Service Thread" daemon [_thread_blocked, id=2184, stack(0x000000e23aa00000,0x000000e23ab00000)]
  0x0000027c8722aeb0 JavaThread "Monitor Deflation Thread" daemon [_thread_blocked, id=26840, stack(0x000000e23ab00000,0x000000e23ac00000)]
  0x0000027c8723a350 JavaThread "C2 CompilerThread0" daemon [_thread_blocked, id=7260, stack(0x000000e23ac00000,0x000000e23ad00000)]
  0x0000027ccc420490 JavaThread "C1 CompilerThread0" daemon [_thread_blocked, id=17688, stack(0x000000e23ad00000,0x000000e23ae00000)]
  0x0000027ccc54c260 JavaThread "Notification Thread" daemon [_thread_blocked, id=9616, stack(0x000000e23ae00000,0x000000e23af00000)]
  0x0000027ccc551ea0 JavaThread "Common-Cleaner" daemon [_thread_blocked, id=17652, stack(0x000000e23b000000,0x000000e23b100000)]
  0x0000027cd3330130 JavaThread "Thread-0" [_thread_blocked, id=12672, stack(0x000000e23ba00000,0x000000e23bb00000)]
  0x0000027cd2fbfd00 JavaThread "C2 CompilerThread1" daemon [_thread_blocked, id=14100, stack(0x000000e23b800000,0x000000e23b900000)]

Other Threads:
  0x0000027c871fe730 VMThread "VM Thread" [stack: 0x000000e23a500000,0x000000e23a600000] [id=19632]
  0x0000027ccc54ebd0 WatcherThread "VM Periodic Task Thread" [stack: 0x000000e23af00000,0x000000e23b000000] [id=3996]
  0x0000027ce7c26dc0 WorkerThread "GC Thread#0" [stack: 0x000000e23a000000,0x000000e23a100000] [id=21872]
  0x0000027cd323c1b0 WorkerThread "GC Thread#1" [stack: 0x000000e23bb00000,0x000000e23bc00000] [id=2068]
  0x0000027cd323b940 WorkerThread "GC Thread#2" [stack: 0x000000e23bc00000,0x000000e23bd00000] [id=18068]
  0x0000027cd323c480 WorkerThread "GC Thread#3" [stack: 0x000000e23bd00000,0x000000e23be00000] [id=16640]
  0x0000027cd323c750 WorkerThread "GC Thread#4" [stack: 0x000000e23be00000,0x000000e23bf00000] [id=26176]
  0x0000027cd323ccf0 WorkerThread "GC Thread#5" [stack: 0x000000e23bf00000,0x000000e23c000000] [id=10188]
  0x0000027cd323d560 WorkerThread "GC Thread#6" [stack: 0x000000e23c000000,0x000000e23c100000] [id=29540]
  0x0000027cd323ca20 WorkerThread "GC Thread#7" [stack: 0x000000e23c100000,0x000000e23c200000] [id=13392]
  0x0000027ce7c39c30 ConcurrentGCThread "G1 Main Marker" [stack: 0x000000e23a100000,0x000000e23a200000] [id=12720]
  0x0000027ce7c3ae00 WorkerThread "G1 Conc#0" [stack: 0x000000e23a200000,0x000000e23a300000] [id=26324]
  0x0000027ce7c6e860 ConcurrentGCThread "G1 Refine#0" [stack: 0x000000e23a300000,0x000000e23a400000] [id=9268]
  0x0000027c870ad4d0 ConcurrentGCThread "G1 Service" [stack: 0x000000e23a400000,0x000000e23a500000] [id=11288]

Threads with active compile tasks:

VM state: not at safepoint (normal execution)

VM Mutex/Monitor currently owned by a thread: None

Heap address: 0x0000000700c00000, size: 4084 MB, Compressed Oops mode: Zero based, Oop shift amount: 3

CDS archive(s) mapped at: [0x0000027c87400000-0x0000027c88060000-0x0000027c88060000), size 12976128, SharedBaseAddress: 0x0000027c87400000, ArchiveRelocationMode: 1.
Compressed class space mapped at: 0x0000027c88400000-0x0000027cc8400000, reserved size: 1073741824
Narrow klass base: 0x0000027c87400000, Narrow klass shift: 0, Narrow klass range: 0x100000000

GC Precious Log:
 CardTable entry size: 512
 Card Set container configuration: InlinePtr #cards 4 size 8 Array Of Cards #cards 16 size 48 Howl #buckets 8 coarsen threshold 3686 Howl Bitmap #cards 512 size 80 coarsen threshold 460 Card regions per heap region 1 cards per card region 4096
 CPUs: 8 total, 8 available
 Memory: 16335M
 Large Page Support: Disabled
 NUMA Support: Disabled
 Compressed Oops: Enabled (Zero based)
 Heap Region Size: 2M
 Heap Min Capacity: 8M
 Heap Initial Capacity: 256M
 Heap Max Capacity: 4084M
 Pre-touch: Disabled
 Parallel Workers: 8
 Concurrent Workers: 2
 Concurrent Refinement Workers: 8
 Periodic GC: Disabled

Heap:
 garbage-first heap   total 262144K, used 8874K [0x0000000700c00000, 0x0000000800000000)
  region size 2048K, 6 young (12288K), 2 survivors (4096K)
 Metaspace       used 8121K, committed 8320K, reserved 1114112K
  class space    used 442K, committed 512K, reserved 1048576K

Heap Regions: E=young(eden), S=young(survivor), O=old, HS=humongous(starts), HC=humongous(continues), CS=collection set, F=free, OA=open archive, CA=closed archive, TAMS=top-at-mark-start, PB=parsable bottom
|   0|0x0000000700c00000, 0x0000000700c00000, 0x0000000700e00000|  0%| F|  |TAMS 0x0000000700c00000| PB 0x0000000700c00000| Untracked 
|   1|0x0000000700e00000, 0x0000000700e00000, 0x0000000701000000|  0%| F|  |TAMS 0x0000000700e00000| PB 0x0000000700e00000| Untracked 
|   2|0x0000000701000000, 0x0000000701000000, 0x0000000701200000|  0%| F|  |TAMS 0x0000000701000000| PB 0x0000000701000000| Untracked 
|   3|0x0000000701200000, 0x0000000701200000, 0x0000000701400000|  0%| F|  |TAMS 0x0000000701200000| PB 0x0000000701200000| Untracked 
|   4|0x0000000701400000, 0x0000000701400000, 0x0000000701600000|  0%| F|  |TAMS 0x0000000701400000| PB 0x0000000701400000| Untracked 
|   5|0x0000000701600000, 0x0000000701600000, 0x0000000701800000|  0%| F|  |TAMS 0x0000000701600000| PB 0x0000000701600000| Untracked 
|   6|0x0000000701800000, 0x0000000701800000, 0x0000000701a00000|  0%| F|  |TAMS 0x0000000701800000| PB 0x0000000701800000| Untracked 
|   7|0x0000000701a00000, 0x0000000701a00000, 0x0000000701c00000|  0%| F|  |TAMS 0x0000000701a00000| PB 0x0000000701a00000| Untracked 
|   8|0x0000000701c00000, 0x0000000701c00000, 0x0000000701e00000|  0%| F|  |TAMS 0x0000000701c00000| PB 0x0000000701c00000| Untracked 
|   9|0x0000000701e00000, 0x0000000701e00000, 0x0000000702000000|  0%| F|  |TAMS 0x0000000701e00000| PB 0x0000000701e00000| Untracked 
|  10|0x0000000702000000, 0x0000000702000000, 0x0000000702200000|  0%| F|  |TAMS 0x0000000702000000| PB 0x0000000702000000| Untracked 
|  11|0x0000000702200000, 0x0000000702200000, 0x0000000702400000|  0%| F|  |TAMS 0x0000000702200000| PB 0x0000000702200000| Untracked 
|  12|0x0000000702400000, 0x0000000702400000, 0x0000000702600000|  0%| F|  |TAMS 0x0000000702400000| PB 0x0000000702400000| Untracked 
|  13|0x0000000702600000, 0x0000000702600000, 0x0000000702800000|  0%| F|  |TAMS 0x0000000702600000| PB 0x0000000702600000| Untracked 
|  14|0x0000000702800000, 0x0000000702800000, 0x0000000702a00000|  0%| F|  |TAMS 0x0000000702800000| PB 0x0000000702800000| Untracked 
|  15|0x0000000702a00000, 0x0000000702a00000, 0x0000000702c00000|  0%| F|  |TAMS 0x0000000702a00000| PB 0x0000000702a00000| Untracked 
|  16|0x0000000702c00000, 0x0000000702c00000, 0x0000000702e00000|  0%| F|  |TAMS 0x0000000702c00000| PB 0x0000000702c00000| Untracked 
|  17|0x0000000702e00000, 0x0000000702e00000, 0x0000000703000000|  0%| F|  |TAMS 0x0000000702e00000| PB 0x0000000702e00000| Untracked 
|  18|0x0000000703000000, 0x0000000703000000, 0x0000000703200000|  0%| F|  |TAMS 0x0000000703000000| PB 0x0000000703000000| Untracked 
|  19|0x0000000703200000, 0x0000000703200000, 0x0000000703400000|  0%| F|  |TAMS 0x0000000703200000| PB 0x0000000703200000| Untracked 
|  20|0x0000000703400000, 0x0000000703400000, 0x0000000703600000|  0%| F|  |TAMS 0x0000000703400000| PB 0x0000000703400000| Untracked 
|  21|0x0000000703600000, 0x0000000703600000, 0x0000000703800000|  0%| F|  |TAMS 0x0000000703600000| PB 0x0000000703600000| Untracked 
|  22|0x0000000703800000, 0x0000000703800000, 0x0000000703a00000|  0%| F|  |TAMS 0x0000000703800000| PB 0x0000000703800000| Untracked 
|  23|0x0000000703a00000, 0x0000000703a00000, 0x0000000703c00000|  0%| F|  |TAMS 0x0000000703a00000| PB 0x0000000703a00000| Untracked 
|  24|0x0000000703c00000, 0x0000000703c00000, 0x0000000703e00000|  0%| F|  |TAMS 0x0000000703c00000| PB 0x0000000703c00000| Untracked 
|  25|0x0000000703e00000, 0x0000000703e00000, 0x0000000704000000|  0%| F|  |TAMS 0x0000000703e00000| PB 0x0000000703e00000| Untracked 
|  26|0x0000000704000000, 0x0000000704000000, 0x0000000704200000|  0%| F|  |TAMS 0x0000000704000000| PB 0x0000000704000000| Untracked 
|  27|0x0000000704200000, 0x0000000704200000, 0x0000000704400000|  0%| F|  |TAMS 0x0000000704200000| PB 0x0000000704200000| Untracked 
|  28|0x0000000704400000, 0x0000000704400000, 0x0000000704600000|  0%| F|  |TAMS 0x0000000704400000| PB 0x0000000704400000| Untracked 
|  29|0x0000000704600000, 0x0000000704600000, 0x0000000704800000|  0%| F|  |TAMS 0x0000000704600000| PB 0x0000000704600000| Untracked 
|  30|0x0000000704800000, 0x0000000704800000, 0x0000000704a00000|  0%| F|  |TAMS 0x0000000704800000| PB 0x0000000704800000| Untracked 
|  31|0x0000000704a00000, 0x0000000704a00000, 0x0000000704c00000|  0%| F|  |TAMS 0x0000000704a00000| PB 0x0000000704a00000| Untracked 
|  32|0x0000000704c00000, 0x0000000704c00000, 0x0000000704e00000|  0%| F|  |TAMS 0x0000000704c00000| PB 0x0000000704c00000| Untracked 
|  33|0x0000000704e00000, 0x0000000704e00000, 0x0000000705000000|  0%| F|  |TAMS 0x0000000704e00000| PB 0x0000000704e00000| Untracked 
|  34|0x0000000705000000, 0x0000000705000000, 0x0000000705200000|  0%| F|  |TAMS 0x0000000705000000| PB 0x0000000705000000| Untracked 
|  35|0x0000000705200000, 0x0000000705200000, 0x0000000705400000|  0%| F|  |TAMS 0x0000000705200000| PB 0x0000000705200000| Untracked 
|  36|0x0000000705400000, 0x0000000705400000, 0x0000000705600000|  0%| F|  |TAMS 0x0000000705400000| PB 0x0000000705400000| Untracked 
|  37|0x0000000705600000, 0x0000000705600000, 0x0000000705800000|  0%| F|  |TAMS 0x0000000705600000| PB 0x0000000705600000| Untracked 
|  38|0x0000000705800000, 0x0000000705800000, 0x0000000705a00000|  0%| F|  |TAMS 0x0000000705800000| PB 0x0000000705800000| Untracked 
|  39|0x0000000705a00000, 0x0000000705a00000, 0x0000000705c00000|  0%| F|  |TAMS 0x0000000705a00000| PB 0x0000000705a00000| Untracked 
|  40|0x0000000705c00000, 0x0000000705c00000, 0x0000000705e00000|  0%| F|  |TAMS 0x0000000705c00000| PB 0x0000000705c00000| Untracked 
|  41|0x0000000705e00000, 0x0000000705e00000, 0x0000000706000000|  0%| F|  |TAMS 0x0000000705e00000| PB 0x0000000705e00000| Untracked 
|  42|0x0000000706000000, 0x0000000706000000, 0x0000000706200000|  0%| F|  |TAMS 0x0000000706000000| PB 0x0000000706000000| Untracked 
|  43|0x0000000706200000, 0x0000000706200000, 0x0000000706400000|  0%| F|  |TAMS 0x0000000706200000| PB 0x0000000706200000| Untracked 
|  44|0x0000000706400000, 0x0000000706400000, 0x0000000706600000|  0%| F|  |TAMS 0x0000000706400000| PB 0x0000000706400000| Untracked 
|  45|0x0000000706600000, 0x0000000706600000, 0x0000000706800000|  0%| F|  |TAMS 0x0000000706600000| PB 0x0000000706600000| Untracked 
|  46|0x0000000706800000, 0x0000000706800000, 0x0000000706a00000|  0%| F|  |TAMS 0x0000000706800000| PB 0x0000000706800000| Untracked 
|  47|0x0000000706a00000, 0x0000000706a00000, 0x0000000706c00000|  0%| F|  |TAMS 0x0000000706a00000| PB 0x0000000706a00000| Untracked 
|  48|0x0000000706c00000, 0x0000000706c00000, 0x0000000706e00000|  0%| F|  |TAMS 0x0000000706c00000| PB 0x0000000706c00000| Untracked 
|  49|0x0000000706e00000, 0x0000000706e00000, 0x0000000707000000|  0%| F|  |TAMS 0x0000000706e00000| PB 0x0000000706e00000| Untracked 
|  50|0x0000000707000000, 0x0000000707000000, 0x0000000707200000|  0%| F|  |TAMS 0x0000000707000000| PB 0x0000000707000000| Untracked 
|  51|0x0000000707200000, 0x0000000707200000, 0x0000000707400000|  0%| F|  |TAMS 0x0000000707200000| PB 0x0000000707200000| Untracked 
|  52|0x0000000707400000, 0x0000000707400000, 0x0000000707600000|  0%| F|  |TAMS 0x0000000707400000| PB 0x0000000707400000| Untracked 
|  53|0x0000000707600000, 0x0000000707600000, 0x0000000707800000|  0%| F|  |TAMS 0x0000000707600000| PB 0x0000000707600000| Untracked 
|  54|0x0000000707800000, 0x0000000707800000, 0x0000000707a00000|  0%| F|  |TAMS 0x0000000707800000| PB 0x0000000707800000| Untracked 
|  55|0x0000000707a00000, 0x0000000707a00000, 0x0000000707c00000|  0%| F|  |TAMS 0x0000000707a00000| PB 0x0000000707a00000| Untracked 
|  56|0x0000000707c00000, 0x0000000707c00000, 0x0000000707e00000|  0%| F|  |TAMS 0x0000000707c00000| PB 0x0000000707c00000| Untracked 
|  57|0x0000000707e00000, 0x0000000707e00000, 0x0000000708000000|  0%| F|  |TAMS 0x0000000707e00000| PB 0x0000000707e00000| Untracked 
|  58|0x0000000708000000, 0x0000000708000000, 0x0000000708200000|  0%| F|  |TAMS 0x0000000708000000| PB 0x0000000708000000| Untracked 
|  59|0x0000000708200000, 0x0000000708200000, 0x0000000708400000|  0%| F|  |TAMS 0x0000000708200000| PB 0x0000000708200000| Untracked 
|  60|0x0000000708400000, 0x0000000708400000, 0x0000000708600000|  0%| F|  |TAMS 0x0000000708400000| PB 0x0000000708400000| Untracked 
|  61|0x0000000708600000, 0x0000000708600000, 0x0000000708800000|  0%| F|  |TAMS 0x0000000708600000| PB 0x0000000708600000| Untracked 
|  62|0x0000000708800000, 0x0000000708800000, 0x0000000708a00000|  0%| F|  |TAMS 0x0000000708800000| PB 0x0000000708800000| Untracked 
|  63|0x0000000708a00000, 0x0000000708a00000, 0x0000000708c00000|  0%| F|  |TAMS 0x0000000708a00000| PB 0x0000000708a00000| Untracked 
|  64|0x0000000708c00000, 0x0000000708c00000, 0x0000000708e00000|  0%| F|  |TAMS 0x0000000708c00000| PB 0x0000000708c00000| Untracked 
|  65|0x0000000708e00000, 0x0000000708e00000, 0x0000000709000000|  0%| F|  |TAMS 0x0000000708e00000| PB 0x0000000708e00000| Untracked 
|  66|0x0000000709000000, 0x0000000709000000, 0x0000000709200000|  0%| F|  |TAMS 0x0000000709000000| PB 0x0000000709000000| Untracked 
|  67|0x0000000709200000, 0x0000000709200000, 0x0000000709400000|  0%| F|  |TAMS 0x0000000709200000| PB 0x0000000709200000| Untracked 
|  68|0x0000000709400000, 0x0000000709400000, 0x0000000709600000|  0%| F|  |TAMS 0x0000000709400000| PB 0x0000000709400000| Untracked 
|  69|0x0000000709600000, 0x0000000709600000, 0x0000000709800000|  0%| F|  |TAMS 0x0000000709600000| PB 0x0000000709600000| Untracked 
|  70|0x0000000709800000, 0x0000000709800000, 0x0000000709a00000|  0%| F|  |TAMS 0x0000000709800000| PB 0x0000000709800000| Untracked 
|  71|0x0000000709a00000, 0x0000000709a00000, 0x0000000709c00000|  0%| F|  |TAMS 0x0000000709a00000| PB 0x0000000709a00000| Untracked 
|  72|0x0000000709c00000, 0x0000000709c00000, 0x0000000709e00000|  0%| F|  |TAMS 0x0000000709c00000| PB 0x0000000709c00000| Untracked 
|  73|0x0000000709e00000, 0x0000000709e00000, 0x000000070a000000|  0%| F|  |TAMS 0x0000000709e00000| PB 0x0000000709e00000| Untracked 
|  74|0x000000070a000000, 0x000000070a000000, 0x000000070a200000|  0%| F|  |TAMS 0x000000070a000000| PB 0x000000070a000000| Untracked 
|  75|0x000000070a200000, 0x000000070a200000, 0x000000070a400000|  0%| F|  |TAMS 0x000000070a200000| PB 0x000000070a200000| Untracked 
|  76|0x000000070a400000, 0x000000070a400000, 0x000000070a600000|  0%| F|  |TAMS 0x000000070a400000| PB 0x000000070a400000| Untracked 
|  77|0x000000070a600000, 0x000000070a600000, 0x000000070a800000|  0%| F|  |TAMS 0x000000070a600000| PB 0x000000070a600000| Untracked 
|  78|0x000000070a800000, 0x000000070a800000, 0x000000070aa00000|  0%| F|  |TAMS 0x000000070a800000| PB 0x000000070a800000| Untracked 
|  79|0x000000070aa00000, 0x000000070aa00000, 0x000000070ac00000|  0%| F|  |TAMS 0x000000070aa00000| PB 0x000000070aa00000| Untracked 
|  80|0x000000070ac00000, 0x000000070ac00000, 0x000000070ae00000|  0%| F|  |TAMS 0x000000070ac00000| PB 0x000000070ac00000| Untracked 
|  81|0x000000070ae00000, 0x000000070ae00000, 0x000000070b000000|  0%| F|  |TAMS 0x000000070ae00000| PB 0x000000070ae00000| Untracked 
|  82|0x000000070b000000, 0x000000070b000000, 0x000000070b200000|  0%| F|  |TAMS 0x000000070b000000| PB 0x000000070b000000| Untracked 
|  83|0x000000070b200000, 0x000000070b200000, 0x000000070b400000|  0%| F|  |TAMS 0x000000070b200000| PB 0x000000070b200000| Untracked 
|  84|0x000000070b400000, 0x000000070b400000, 0x000000070b600000|  0%| F|  |TAMS 0x000000070b400000| PB 0x000000070b400000| Untracked 
|  85|0x000000070b600000, 0x000000070b600000, 0x000000070b800000|  0%| F|  |TAMS 0x000000070b600000| PB 0x000000070b600000| Untracked 
|  86|0x000000070b800000, 0x000000070b800000, 0x000000070ba00000|  0%| F|  |TAMS 0x000000070b800000| PB 0x000000070b800000| Untracked 
|  87|0x000000070ba00000, 0x000000070ba00000, 0x000000070bc00000|  0%| F|  |TAMS 0x000000070ba00000| PB 0x000000070ba00000| Untracked 
|  88|0x000000070bc00000, 0x000000070bc00000, 0x000000070be00000|  0%| F|  |TAMS 0x000000070bc00000| PB 0x000000070bc00000| Untracked 
|  89|0x000000070be00000, 0x000000070be00000, 0x000000070c000000|  0%| F|  |TAMS 0x000000070be00000| PB 0x000000070be00000| Untracked 
|  90|0x000000070c000000, 0x000000070c000000, 0x000000070c200000|  0%| F|  |TAMS 0x000000070c000000| PB 0x000000070c000000| Untracked 
|  91|0x000000070c200000, 0x000000070c200000, 0x000000070c400000|  0%| F|  |TAMS 0x000000070c200000| PB 0x000000070c200000| Untracked 
|  92|0x000000070c400000, 0x000000070c400000, 0x000000070c600000|  0%| F|  |TAMS 0x000000070c400000| PB 0x000000070c400000| Untracked 
|  93|0x000000070c600000, 0x000000070c600000, 0x000000070c800000|  0%| F|  |TAMS 0x000000070c600000| PB 0x000000070c600000| Untracked 
|  94|0x000000070c800000, 0x000000070c800000, 0x000000070ca00000|  0%| F|  |TAMS 0x000000070c800000| PB 0x000000070c800000| Untracked 
|  95|0x000000070ca00000, 0x000000070ca00000, 0x000000070cc00000|  0%| F|  |TAMS 0x000000070ca00000| PB 0x000000070ca00000| Untracked 
|  96|0x000000070cc00000, 0x000000070cc00000, 0x000000070ce00000|  0%| F|  |TAMS 0x000000070cc00000| PB 0x000000070cc00000| Untracked 
|  97|0x000000070ce00000, 0x000000070ce00000, 0x000000070d000000|  0%| F|  |TAMS 0x000000070ce00000| PB 0x000000070ce00000| Untracked 
|  98|0x000000070d000000, 0x000000070d000000, 0x000000070d200000|  0%| F|  |TAMS 0x000000070d000000| PB 0x000000070d000000| Untracked 
|  99|0x000000070d200000, 0x000000070d200000, 0x000000070d400000|  0%| F|  |TAMS 0x000000070d200000| PB 0x000000070d200000| Untracked 
| 100|0x000000070d400000, 0x000000070d400000, 0x000000070d600000|  0%| F|  |TAMS 0x000000070d400000| PB 0x000000070d400000| Untracked 
| 101|0x000000070d600000, 0x000000070d600000, 0x000000070d800000|  0%| F|  |TAMS 0x000000070d600000| PB 0x000000070d600000| Untracked 
| 102|0x000000070d800000, 0x000000070d800000, 0x000000070da00000|  0%| F|  |TAMS 0x000000070d800000| PB 0x000000070d800000| Untracked 
| 103|0x000000070da00000, 0x000000070da00000, 0x000000070dc00000|  0%| F|  |TAMS 0x000000070da00000| PB 0x000000070da00000| Untracked 
| 104|0x000000070dc00000, 0x000000070dc00000, 0x000000070de00000|  0%| F|  |TAMS 0x000000070dc00000| PB 0x000000070dc00000| Untracked 
| 105|0x000000070de00000, 0x000000070de00000, 0x000000070e000000|  0%| F|  |TAMS 0x000000070de00000| PB 0x000000070de00000| Untracked 
| 106|0x000000070e000000, 0x000000070e000000, 0x000000070e200000|  0%| F|  |TAMS 0x000000070e000000| PB 0x000000070e000000| Untracked 
| 107|0x000000070e200000, 0x000000070e200000, 0x000000070e400000|  0%| F|  |TAMS 0x000000070e200000| PB 0x000000070e200000| Untracked 
| 108|0x000000070e400000, 0x000000070e400000, 0x000000070e600000|  0%| F|  |TAMS 0x000000070e400000| PB 0x000000070e400000| Untracked 
| 109|0x000000070e600000, 0x000000070e600000, 0x000000070e800000|  0%| F|  |TAMS 0x000000070e600000| PB 0x000000070e600000| Untracked 
| 110|0x000000070e800000, 0x000000070e800000, 0x000000070ea00000|  0%| F|  |TAMS 0x000000070e800000| PB 0x000000070e800000| Untracked 
| 111|0x000000070ea00000, 0x000000070ea00000, 0x000000070ec00000|  0%| F|  |TAMS 0x000000070ea00000| PB 0x000000070ea00000| Untracked 
| 112|0x000000070ec00000, 0x000000070ec00000, 0x000000070ee00000|  0%| F|  |TAMS 0x000000070ec00000| PB 0x000000070ec00000| Untracked 
| 113|0x000000070ee00000, 0x000000070ee00000, 0x000000070f000000|  0%| F|  |TAMS 0x000000070ee00000| PB 0x000000070ee00000| Untracked 
| 114|0x000000070f000000, 0x000000070f000000, 0x000000070f200000|  0%| F|  |TAMS 0x000000070f000000| PB 0x000000070f000000| Untracked 
| 115|0x000000070f200000, 0x000000070f2aaa80, 0x000000070f400000| 33%| S|CS|TAMS 0x000000070f200000| PB 0x000000070f200000| Complete 
| 116|0x000000070f400000, 0x000000070f600000, 0x000000070f600000|100%| S|CS|TAMS 0x000000070f400000| PB 0x000000070f400000| Complete 
| 117|0x000000070f600000, 0x000000070f600000, 0x000000070f800000|  0%| F|  |TAMS 0x000000070f600000| PB 0x000000070f600000| Untracked 
| 118|0x000000070f800000, 0x000000070f800000, 0x000000070fa00000|  0%| F|  |TAMS 0x000000070f800000| PB 0x000000070f800000| Untracked 
| 119|0x000000070fa00000, 0x000000070fa00000, 0x000000070fc00000|  0%| F|  |TAMS 0x000000070fa00000| PB 0x000000070fa00000| Untracked 
| 120|0x000000070fc00000, 0x000000070fc00000, 0x000000070fe00000|  0%| F|  |TAMS 0x000000070fc00000| PB 0x000000070fc00000| Untracked 
| 121|0x000000070fe00000, 0x000000070fe00000, 0x0000000710000000|  0%| F|  |TAMS 0x000000070fe00000| PB 0x000000070fe00000| Untracked 
| 122|0x0000000710000000, 0x0000000710000000, 0x0000000710200000|  0%| F|  |TAMS 0x0000000710000000| PB 0x0000000710000000| Untracked 
| 123|0x0000000710200000, 0x0000000710200000, 0x0000000710400000|  0%| F|  |TAMS 0x0000000710200000| PB 0x0000000710200000| Untracked 
| 124|0x0000000710400000, 0x00000007104315c8, 0x0000000710600000|  9%| E|  |TAMS 0x0000000710400000| PB 0x0000000710400000| Complete 
| 125|0x0000000710600000, 0x0000000710800000, 0x0000000710800000|100%| E|CS|TAMS 0x0000000710600000| PB 0x0000000710600000| Complete 
| 126|0x0000000710800000, 0x0000000710a00000, 0x0000000710a00000|100%| E|CS|TAMS 0x0000000710800000| PB 0x0000000710800000| Complete 
| 127|0x0000000710a00000, 0x0000000710c00000, 0x0000000710c00000|100%| E|CS|TAMS 0x0000000710a00000| PB 0x0000000710a00000| Complete 

Card table byte_map: [0x0000027cff7a0000,0x0000027cfffa0000] _byte_map_base: 0x0000027cfbf9a000

Marking Bits: (CMBitMap*) 0x0000027ce7c28400
 Bits: [0x0000027c80800000, 0x0000027c847d0000)

Polling page: 0x0000027ce5b80000

Metaspace:

Usage:
  Non-class:      7.50 MB used.
      Class:    442.66 KB used.
       Both:      7.93 MB used.

Virtual space:
  Non-class space:       64.00 MB reserved,       7.63 MB ( 12%) committed,  1 nodes.
      Class space:        1.00 GB reserved,     512.00 KB ( <1%) committed,  1 nodes.
             Both:        1.06 GB reserved,       8.13 MB ( <1%) committed. 

Chunk freelists:
   Non-Class:  2.53 MB
       Class:  3.44 MB
        Both:  5.97 MB

MaxMetaspaceSize: unlimited
CompressedClassSpaceSize: 1.00 GB
Initial GC threshold: 21.00 MB
Current GC threshold: 21.00 MB
CDS: on
MetaspaceReclaimPolicy: balanced
 - commit_granule_bytes: 65536.
 - commit_granule_words: 8192.
 - virtual_space_node_default_size: 8388608.
 - enlarge_chunks_in_place: 1.
 - new_chunks_are_fully_committed: 0.
 - uncommit_free_chunks: 1.
 - use_allocation_guard: 0.


Internal statistics:

num_allocs_failed_limit: 0.
num_arena_births: 126.
num_arena_deaths: 0.
num_vsnodes_births: 2.
num_vsnodes_deaths: 0.
num_space_committed: 128.
num_space_uncommitted: 0.
num_chunks_returned_to_freelist: 0.
num_chunks_taken_from_freelist: 352.
num_chunk_merges: 0.
num_chunk_splits: 262.
num_chunks_enlarged: 202.
num_inconsistent_stats: 0.

CodeHeap 'non-profiled nmethods': size=120000Kb used=430Kb max_used=430Kb free=119569Kb
 bounds [0x0000027cf7740000, 0x0000027cf79b0000, 0x0000027cfec70000]
CodeHeap 'profiled nmethods': size=120000Kb used=2250Kb max_used=2250Kb free=117749Kb
 bounds [0x0000027cefc70000, 0x0000027cefee0000, 0x0000027cf71a0000]
CodeHeap 'non-nmethods': size=5760Kb used=2580Kb max_used=2596Kb free=3179Kb
 bounds [0x0000027cf71a0000, 0x0000027cf7430000, 0x0000027cf7740000]
 total_blobs=2734 nmethods=1300 adapters=1345
 compilation: enabled
              stopped_count=0, restarted_count=0
 full_count=0

Compilation events (20 events):
Event: 1.700 Thread 0x0000027ccc420490 1291       3       java.util.regex.Pattern$GroupHead::match (47 bytes)
Event: 1.700 Thread 0x0000027ccc420490 nmethod 1291 0x0000027cefe9fb90 code [0x0000027cefe9fd40, 0x0000027cefe9ffb0]
Event: 1.700 Thread 0x0000027ccc420490 1292       3       java.util.regex.Matcher::start (18 bytes)
Event: 1.701 Thread 0x0000027ccc420490 nmethod 1292 0x0000027cefea0190 code [0x0000027cefea0360, 0x0000027cefea0720]
Event: 1.711 Thread 0x0000027cd2fbfd00 1293       4       org.joml.Math::cosFromSinInternal (55 bytes)
Event: 1.712 Thread 0x0000027cd2fbfd00 nmethod 1293 0x0000027cf77ab290 code [0x0000027cf77ab440, 0x0000027cf77ab528]
Event: 1.729 Thread 0x0000027ccc420490 1294       3       org.joml.Vector3f::add (47 bytes)
Event: 1.729 Thread 0x0000027ccc420490 nmethod 1294 0x0000027cefea0910 code [0x0000027cefea0aa0, 0x0000027cefea0d20]
Event: 1.736 Thread 0x0000027ccc420490 1295       3       java.util.regex.Pattern$Branch::match (66 bytes)
Event: 1.736 Thread 0x0000027ccc420490 nmethod 1295 0x0000027cefea0e90 code [0x0000027cefea1060, 0x0000027cefea1540]
Event: 1.736 Thread 0x0000027ccc420490 1296       3       java.lang.Character::isDigit (5 bytes)
Event: 1.736 Thread 0x0000027ccc420490 nmethod 1296 0x0000027cefea1710 code [0x0000027cefea18c0, 0x0000027cefea1b10]
Event: 1.736 Thread 0x0000027ccc420490 1297       3       java.lang.Character::isDigit (9 bytes)
Event: 1.736 Thread 0x0000027ccc420490 nmethod 1297 0x0000027cefea1c10 code [0x0000027cefea1dc0, 0x0000027cefea1fa8]
Event: 1.745 Thread 0x0000027ccc420490 1298       3       org.lwjgl.system.MemoryUtil::memAddress (13 bytes)
Event: 1.745 Thread 0x0000027ccc420490 nmethod 1298 0x0000027cefea2090 code [0x0000027cefea2240, 0x0000027cefea2460]
Event: 1.753 Thread 0x0000027ccc420490 1299       3       java.lang.invoke.DirectMethodHandle::internalMemberName (8 bytes)
Event: 1.753 Thread 0x0000027ccc420490 nmethod 1299 0x0000027cefea2590 code [0x0000027cefea2720, 0x0000027cefea2910]
Event: 1.753 Thread 0x0000027c8723a350 1300       4       aperture.simulator.math.RungeKutta4::smallStep (30 bytes)
Event: 1.758 Thread 0x0000027c8723a350 nmethod 1300 0x0000027cf77ab590 code [0x0000027cf77ab700, 0x0000027cf77ab900]

GC Heap History (2 events):
Event: 1.366 GC heap before
{Heap before GC invocations=0 (full 0):
 garbage-first heap   total 262144K, used 20480K [0x0000000700c00000, 0x0000000800000000)
  region size 2048K, 11 young (22528K), 0 survivors (0K)
 Metaspace       used 7869K, committed 8064K, reserved 1114112K
  class space    used 434K, committed 512K, reserved 1048576K
}
Event: 1.379 GC heap after
{Heap after GC invocations=1 (full 0):
 garbage-first heap   total 262144K, used 2730K [0x0000000700c00000, 0x0000000800000000)
  region size 2048K, 2 young (4096K), 2 survivors (4096K)
 Metaspace       used 7869K, committed 8064K, reserved 1114112K
  class space    used 434K, committed 512K, reserved 1048576K
}

Dll operation events (13 events):
Event: 0.006 Loaded shared library D:\jdk\bin\java.dll
Event: 0.023 Loaded shared library D:\jdk\bin\jsvml.dll
Event: 0.080 Loaded shared library D:\jdk\bin\net.dll
Event: 0.082 Loaded shared library D:\jdk\bin\nio.dll
Event: 0.085 Loaded shared library D:\jdk\bin\zip.dll
Event: 0.117 Loaded shared library D:\opencv\opencv\build\java\x64\opencv_java470.dll
Event: 0.120 Loaded shared library D:\FTC\Aperture_CS\assets\libs\apriltagJNI.dll
Event: 0.167 Loaded shared library D:\jdk\bin\verify.dll
Event: 0.240 Loaded shared library D:\jdk\bin\jimage.dll
Event: 0.261 Loaded shared library C:\Users\Dolphinpod\AppData\Local\Temp\lwjgl_Dolphinpod\3.3.3+5\x64\lwjgl.dll
Event: 0.641 Loaded shared library C:\Users\Dolphinpod\AppData\Local\Temp\lwjgl_Dolphinpod\3.3.3+5\x64\lwjgl_opengl.dll
Event: 0.835 Loaded shared library C:\Users\Dolphinpod\AppData\Local\Temp\imgui-java-natives_1704305241662\imgui-java64.dll
Event: 1.104 Loaded shared library C:\Users\Dolphinpod\AppData\Local\Temp\lwjgl_Dolphinpod\3.3.3+5\x64\lwjgl_stb.dll

Deoptimization events (20 events):
Event: 1.398 Thread 0x0000027ce7bb7b20 Uncommon trap: trap_request=0xffffffc6 fr.pc=0x0000027cf7788cc8 relative=0x0000000000000408
Event: 1.398 Thread 0x0000027ce7bb7b20 Uncommon trap: reason=bimorphic_or_optimized_type_check action=maybe_recompile pc=0x0000027cf7788cc8 method=java.util.regex.Pattern$BmpCharPropertyGreedy.match(Ljava/util/regex/Matcher;ILjava/lang/CharSequence;)Z @ 26 c2
Event: 1.398 Thread 0x0000027ce7bb7b20 DEOPT PACKING pc=0x0000027cf7788cc8 sp=0x000000e239ffe5f0
Event: 1.398 Thread 0x0000027ce7bb7b20 DEOPT UNPACKING pc=0x0000027cf7209d22 sp=0x000000e239ffe588 mode 2
Event: 1.398 Thread 0x0000027ce7bb7b20 Uncommon trap: trap_request=0xffffffc6 fr.pc=0x0000027cf778e8b8 relative=0x0000000000000d58
Event: 1.398 Thread 0x0000027ce7bb7b20 Uncommon trap: reason=bimorphic_or_optimized_type_check action=maybe_recompile pc=0x0000027cf778e8b8 method=java.util.regex.Pattern$BmpCharProperty.match(Ljava/util/regex/Matcher;ILjava/lang/CharSequence;)Z @ 36 c2
Event: 1.398 Thread 0x0000027ce7bb7b20 DEOPT PACKING pc=0x0000027cf778e8b8 sp=0x000000e239ffec50
Event: 1.398 Thread 0x0000027ce7bb7b20 DEOPT UNPACKING pc=0x0000027cf7209d22 sp=0x000000e239ffeb38 mode 2
Event: 1.398 Thread 0x0000027ce7bb7b20 Uncommon trap: trap_request=0xffffffc6 fr.pc=0x0000027cf778e8b8 relative=0x0000000000000d58
Event: 1.398 Thread 0x0000027ce7bb7b20 Uncommon trap: reason=bimorphic_or_optimized_type_check action=maybe_recompile pc=0x0000027cf778e8b8 method=java.util.regex.Pattern$BmpCharProperty.match(Ljava/util/regex/Matcher;ILjava/lang/CharSequence;)Z @ 36 c2
Event: 1.398 Thread 0x0000027ce7bb7b20 DEOPT PACKING pc=0x0000027cf778e8b8 sp=0x000000e239ffec50
Event: 1.398 Thread 0x0000027ce7bb7b20 DEOPT UNPACKING pc=0x0000027cf7209d22 sp=0x000000e239ffeb38 mode 2
Event: 1.398 Thread 0x0000027ce7bb7b20 Uncommon trap: trap_request=0xffffffc6 fr.pc=0x0000027cf778e8b8 relative=0x0000000000000d58
Event: 1.398 Thread 0x0000027ce7bb7b20 Uncommon trap: reason=bimorphic_or_optimized_type_check action=maybe_recompile pc=0x0000027cf778e8b8 method=java.util.regex.Pattern$BmpCharProperty.match(Ljava/util/regex/Matcher;ILjava/lang/CharSequence;)Z @ 36 c2
Event: 1.398 Thread 0x0000027ce7bb7b20 DEOPT PACKING pc=0x0000027cf778e8b8 sp=0x000000e239ffec50
Event: 1.398 Thread 0x0000027ce7bb7b20 DEOPT UNPACKING pc=0x0000027cf7209d22 sp=0x000000e239ffeb38 mode 2
Event: 1.398 Thread 0x0000027ce7bb7b20 Uncommon trap: trap_request=0xffffffc6 fr.pc=0x0000027cf778cccc relative=0x0000000000000c0c
Event: 1.398 Thread 0x0000027ce7bb7b20 Uncommon trap: reason=bimorphic_or_optimized_type_check action=maybe_recompile pc=0x0000027cf778cccc method=java.util.regex.Pattern$BmpCharProperty.match(Ljava/util/regex/Matcher;ILjava/lang/CharSequence;)Z @ 36 c2
Event: 1.398 Thread 0x0000027ce7bb7b20 DEOPT PACKING pc=0x0000027cf778cccc sp=0x000000e239ffebd0
Event: 1.398 Thread 0x0000027ce7bb7b20 DEOPT UNPACKING pc=0x0000027cf7209d22 sp=0x000000e239ffeb38 mode 2

Classes loaded (20 events):
Event: 1.123 Loading class jdk/internal/math/FDBigInteger
Event: 1.123 Loading class jdk/internal/math/FDBigInteger done
Event: 1.216 Loading class java/lang/Thread$ThreadNumbering
Event: 1.216 Loading class java/lang/Thread$ThreadNumbering done
Event: 1.228 Loading class java/util/LinkedList
Event: 1.228 Loading class java/util/AbstractSequentialList
Event: 1.229 Loading class java/util/AbstractSequentialList done
Event: 1.229 Loading class java/util/LinkedList done
Event: 1.298 Loading class jdk/internal/event/ThreadSleepEvent
Event: 1.298 Loading class jdk/internal/event/ThreadSleepEvent done
Event: 1.398 Loading class jdk/internal/math/FormattedFloatingDecimal$Form
Event: 1.398 Loading class jdk/internal/math/FormattedFloatingDecimal$Form done
Event: 1.398 Loading class jdk/internal/math/FormattedFloatingDecimal
Event: 1.398 Loading class jdk/internal/math/FormattedFloatingDecimal done
Event: 1.398 Loading class jdk/internal/math/FormattedFloatingDecimal$1
Event: 1.398 Loading class jdk/internal/math/FormattedFloatingDecimal$1 done
Event: 1.399 Loading class jdk/internal/math/FormattedFloatingDecimal$2
Event: 1.399 Loading class jdk/internal/math/FormattedFloatingDecimal$2 done
Event: 1.399 Loading class java/text/DigitList$1
Event: 1.399 Loading class java/text/DigitList$1 done

Classes unloaded (0 events):
No events

Classes redefined (0 events):
No events

Internal exceptions (20 events):
Event: 0.312 Thread 0x0000027ce7bb7b20 Exception <a 'java/lang/NoSuchMethodError'{0x00000007104c77b8}: 'java.lang.Object java.lang.invoke.Invokers$Holder.linkToTargetMethod(java.lang.Object, long, java.lang.Object)'> (0x00000007104c77b8) 
thrown [s\open\src\hotspot\share\interpreter\linkResolver.cpp, line 773]
Event: 0.312 Thread 0x0000027ce7bb7b20 Exception <a 'java/lang/NoSuchMethodError'{0x00000007104ce7f0}: 'int java.lang.invoke.DirectMethodHandle$Holder.invokeStaticInit(java.lang.Object, java.lang.Object, java.lang.Object, long)'> (0x00000007104ce7f0) 
thrown [s\open\src\hotspot\share\interpreter\linkResolver.cpp, line 773]
Event: 0.333 Thread 0x0000027ce7bb7b20 Exception <a 'sun/nio/fs/WindowsException'{0x00000007105808e0}> (0x00000007105808e0) 
thrown [s\open\src\hotspot\share\prims\jni.cpp, line 519]
Event: 0.333 Thread 0x0000027ce7bb7b20 Exception <a 'sun/nio/fs/WindowsException'{0x0000000710580c70}> (0x0000000710580c70) 
thrown [s\open\src\hotspot\share\prims\jni.cpp, line 519]
Event: 0.339 Thread 0x0000027ce7bb7b20 Exception <a 'java/lang/NoSuchMethodError'{0x000000071059cea0}: 'int java.lang.invoke.Invokers$Holder.invokeExact_MT(java.lang.Object, java.lang.Object)'> (0x000000071059cea0) 
thrown [s\open\src\hotspot\share\interpreter\linkResolver.cpp, line 773]
Event: 0.633 Thread 0x0000027ce7bb7b20 Exception <a 'java/lang/NoSuchMethodError'{0x0000000710247868}: 'void java.lang.System.load(java.lang.String, java.lang.Class)'> (0x0000000710247868) 
thrown [s\open\src\hotspot\share\interpreter\linkResolver.cpp, line 773]
Event: 0.634 Thread 0x0000027ce7bb7b20 Exception <a 'java/lang/NoSuchMethodError'{0x000000071024a650}: 'void java.lang.System.loadLibrary(java.lang.String, java.lang.Class)'> (0x000000071024a650) 
thrown [s\open\src\hotspot\share\interpreter\linkResolver.cpp, line 773]
Event: 0.639 Thread 0x0000027ce7bb7b20 Exception <a 'sun/nio/fs/WindowsException'{0x000000071025a198}> (0x000000071025a198) 
thrown [s\open\src\hotspot\share\prims\jni.cpp, line 519]
Event: 0.639 Thread 0x0000027ce7bb7b20 Exception <a 'sun/nio/fs/WindowsException'{0x000000071025a568}> (0x000000071025a568) 
thrown [s\open\src\hotspot\share\prims\jni.cpp, line 519]
Event: 0.646 Thread 0x0000027ce7bb7b20 Exception <a 'sun/nio/fs/WindowsException'{0x0000000710263f10}> (0x0000000710263f10) 
thrown [s\open\src\hotspot\share\prims\jni.cpp, line 519]
Event: 0.646 Thread 0x0000027ce7bb7b20 Exception <a 'sun/nio/fs/WindowsException'{0x0000000710264210}> (0x0000000710264210) 
thrown [s\open\src\hotspot\share\prims\jni.cpp, line 519]
Event: 0.714 Thread 0x0000027ce7bb7b20 Exception <a 'sun/nio/fs/WindowsException'{0x00000007103a5e48}> (0x00000007103a5e48) 
thrown [s\open\src\hotspot\share\prims\jni.cpp, line 519]
Event: 0.853 Thread 0x0000027ce7bb7b20 Exception <a 'java/lang/NoSuchMethodError'{0x0000000710048820}: 'void java.lang.invoke.DirectMethodHandle$Holder.invokeVirtual(java.lang.Object, java.lang.Object, long, int, int, int, int)'> (0x0000000710048820) 
thrown [s\open\src\hotspot\share\interpreter\linkResolver.cpp, line 773]
Event: 0.947 Thread 0x0000027ce7bb7b20 Exception <a 'java/lang/NoSuchMethodError'{0x00000007101f8f08}: 'void java.lang.invoke.DirectMethodHandle$Holder.invokeSpecial(java.lang.Object, java.lang.Object, long, double, double)'> (0x00000007101f8f08) 
thrown [s\open\src\hotspot\share\interpreter\linkResolver.cpp, line 773]
Event: 0.949 Thread 0x0000027ce7bb7b20 Exception <a 'java/lang/NoSuchMethodError'{0x000000070fe02c28}: 'void java.lang.invoke.DirectMethodHandle$Holder.invokeSpecial(java.lang.Object, java.lang.Object, long, int)'> (0x000000070fe02c28) 
thrown [s\open\src\hotspot\share\interpreter\linkResolver.cpp, line 773]
Event: 0.950 Thread 0x0000027ce7bb7b20 Exception <a 'java/lang/NoSuchMethodError'{0x000000070fe08368}: 'void java.lang.invoke.DirectMethodHandle$Holder.invokeSpecial(java.lang.Object, java.lang.Object, long, int, int, int)'> (0x000000070fe08368) 
thrown [s\open\src\hotspot\share\interpreter\linkResolver.cpp, line 773]
Event: 1.095 Thread 0x0000027ce7bb7b20 Exception <a 'java/lang/NoSuchMethodError'{0x000000070fd209f8}: 'void java.lang.System.load(java.lang.String, java.lang.Class)'> (0x000000070fd209f8) 
thrown [s\open\src\hotspot\share\interpreter\linkResolver.cpp, line 773]
Event: 1.096 Thread 0x0000027ce7bb7b20 Exception <a 'java/lang/NoSuchMethodError'{0x000000070fd237e8}: 'void java.lang.System.loadLibrary(java.lang.String, java.lang.Class)'> (0x000000070fd237e8) 
thrown [s\open\src\hotspot\share\interpreter\linkResolver.cpp, line 773]
Event: 1.103 Thread 0x0000027ce7bb7b20 Exception <a 'sun/nio/fs/WindowsException'{0x000000070fd33838}> (0x000000070fd33838) 
thrown [s\open\src\hotspot\share\prims\jni.cpp, line 519]
Event: 1.103 Thread 0x0000027ce7bb7b20 Exception <a 'sun/nio/fs/WindowsException'{0x000000070fd33be8}> (0x000000070fd33be8) 
thrown [s\open\src\hotspot\share\prims\jni.cpp, line 519]

VM Operations (16 events):
Event: 0.087 Executing VM operation: HandshakeAllThreads
Event: 0.088 Executing VM operation: HandshakeAllThreads done
Event: 0.233 Executing VM operation: HandshakeAllThreads
Event: 0.233 Executing VM operation: HandshakeAllThreads done
Event: 0.253 Executing VM operation: HandshakeAllThreads
Event: 0.253 Executing VM operation: HandshakeAllThreads done
Event: 0.957 Executing VM operation: HandshakeAllThreads
Event: 0.957 Executing VM operation: HandshakeAllThreads done
Event: 1.091 Executing VM operation: HandshakeAllThreads
Event: 1.092 Executing VM operation: HandshakeAllThreads done
Event: 1.092 Executing VM operation: Cleanup
Event: 1.092 Executing VM operation: Cleanup done
Event: 1.223 Executing VM operation: HandshakeAllThreads
Event: 1.223 Executing VM operation: HandshakeAllThreads done
Event: 1.366 Executing VM operation: G1CollectForAllocation
Event: 1.379 Executing VM operation: G1CollectForAllocation done

Events (19 events):
Event: 0.023 Thread 0x0000027ce7bb7b20 Thread added: 0x0000027ce7bb7b20
Event: 0.032 Thread 0x0000027c87223760 Thread added: 0x0000027c87223760
Event: 0.032 Thread 0x0000027c87226370 Thread added: 0x0000027c87226370
Event: 0.032 Thread 0x0000027c87227f80 Thread added: 0x0000027c87227f80
Event: 0.032 Thread 0x0000027c872298d0 Thread added: 0x0000027c872298d0
Event: 0.032 Thread 0x0000027c8722a570 Thread added: 0x0000027c8722a570
Event: 0.032 Thread 0x0000027c8722aeb0 Thread added: 0x0000027c8722aeb0
Event: 0.032 Thread 0x0000027c8723a350 Thread added: 0x0000027c8723a350
Event: 0.032 Thread 0x0000027ccc420490 Thread added: 0x0000027ccc420490
Event: 0.073 Thread 0x0000027ccc54c260 Thread added: 0x0000027ccc54c260
Event: 0.076 Thread 0x0000027ccc551ea0 Thread added: 0x0000027ccc551ea0
Event: 1.125 Thread 0x0000027cd2fbfd00 Thread added: 0x0000027cd2fbfd00
Event: 1.170 Thread 0x0000027cd33769a0 Thread added: 0x0000027cd33769a0
Event: 1.216 Thread 0x0000027cd3330130 Thread added: 0x0000027cd3330130
Event: 1.398 Thread 0x0000027cd33769a0 Thread exited: 0x0000027cd33769a0
Event: 1.493 Thread 0x0000027cd2fbfd00 Thread exited: 0x0000027cd2fbfd00
Event: 1.551 Thread 0x0000027cd2fbfd00 Thread added: 0x0000027cd2fbfd00
Event: 1.552 Thread 0x0000027cd33769a0 Thread added: 0x0000027cd33769a0
Event: 1.745 Thread 0x0000027cd33769a0 Thread exited: 0x0000027cd33769a0


Dynamic libraries:
0x00007ff76ce10000 - 0x00007ff76ce1e000 	D:\jdk\bin\java.exe
0x00007ff8b52e0000 - 0x00007ff8b54d0000 	C:\WINDOWS\SYSTEM32\ntdll.dll
0x00007ff8b5040000 - 0x00007ff8b50f2000 	C:\WINDOWS\System32\KERNEL32.DLL
0x00007ff8b30e0000 - 0x00007ff8b3385000 	C:\WINDOWS\System32\KERNELBASE.dll
0x00007ff8b2780000 - 0x00007ff8b287a000 	C:\WINDOWS\System32\ucrtbase.dll
0x00007ff88e600000 - 0x00007ff88e617000 	D:\jdk\bin\jli.dll
0x00007ff88e7a0000 - 0x00007ff88e7bb000 	D:\jdk\bin\VCRUNTIME140.dll
0x00007ff8b36f0000 - 0x00007ff8b3884000 	C:\WINDOWS\System32\USER32.dll
0x00007ff8b3000000 - 0x00007ff8b3021000 	C:\WINDOWS\System32\win32u.dll
0x00007ff8a4380000 - 0x00007ff8a4604000 	C:\WINDOWS\WinSxS\amd64_microsoft.windows.common-controls_6595b64144ccf1df_6.0.18362.1556_none_9e7e372fe45e41d5\COMCTL32.dll
0x00007ff8b3bc0000 - 0x00007ff8b3be6000 	C:\WINDOWS\System32\GDI32.dll
0x00007ff8b3460000 - 0x00007ff8b34fe000 	C:\WINDOWS\System32\msvcrt.dll
0x00007ff8b22d0000 - 0x00007ff8b2468000 	C:\WINDOWS\System32\gdi32full.dll
0x00007ff8b3d40000 - 0x00007ff8b4076000 	C:\WINDOWS\System32\combase.dll
0x00007ff8b2470000 - 0x00007ff8b250e000 	C:\WINDOWS\System32\msvcp_win.dll
0x00007ff8b4580000 - 0x00007ff8b469f000 	C:\WINDOWS\System32\RPCRT4.dll
0x00007ff8b2670000 - 0x00007ff8b26f1000 	C:\WINDOWS\System32\bcryptPrimitives.dll
0x00007ff8b3ca0000 - 0x00007ff8b3cce000 	C:\WINDOWS\System32\IMM32.DLL
0x00007ff8ac1f0000 - 0x00007ff8ac1fc000 	D:\jdk\bin\vcruntime140_1.dll
0x00007ff88e570000 - 0x00007ff88e5fe000 	D:\jdk\bin\msvcp140.dll
0x00007ff860480000 - 0x00007ff861118000 	D:\jdk\bin\server\jvm.dll
0x00007ff8b3bf0000 - 0x00007ff8b3c93000 	C:\WINDOWS\System32\ADVAPI32.dll
0x00007ff8b3650000 - 0x00007ff8b36e7000 	C:\WINDOWS\System32\sechost.dll
0x00007ff895190000 - 0x00007ff895199000 	C:\WINDOWS\SYSTEM32\WSOCK32.dll
0x00007ff8b03b0000 - 0x00007ff8b03d4000 	C:\WINDOWS\SYSTEM32\WINMM.dll
0x00007ff8b4510000 - 0x00007ff8b457f000 	C:\WINDOWS\System32\WS2_32.dll
0x00007ff8a8b70000 - 0x00007ff8a8b7a000 	C:\WINDOWS\SYSTEM32\VERSION.dll
0x00007ff8b0250000 - 0x00007ff8b027d000 	C:\WINDOWS\SYSTEM32\winmmbase.dll
0x00007ff8b2700000 - 0x00007ff8b274a000 	C:\WINDOWS\System32\cfgmgr32.dll
0x00007ff8b2210000 - 0x00007ff8b2221000 	C:\WINDOWS\System32\kernel.appcore.dll
0x00007ff899120000 - 0x00007ff89912a000 	D:\jdk\bin\jimage.dll
0x00007ff8a4f90000 - 0x00007ff8a5184000 	C:\WINDOWS\SYSTEM32\DBGHELP.DLL
0x00007ff894780000 - 0x00007ff8947aa000 	C:\WINDOWS\SYSTEM32\dbgcore.DLL
0x00007ff88e3f0000 - 0x00007ff88e416000 	D:\jdk\bin\java.dll
0x00007ff87f7d0000 - 0x00007ff87f8a7000 	D:\jdk\bin\jsvml.dll
0x00007ff8b4840000 - 0x00007ff8b4f27000 	C:\WINDOWS\System32\SHELL32.dll
0x00007ff8b5110000 - 0x00007ff8b51b8000 	C:\WINDOWS\System32\shcore.dll
0x00007ff8b2880000 - 0x00007ff8b2ffb000 	C:\WINDOWS\System32\windows.storage.dll
0x00007ff8b21f0000 - 0x00007ff8b220e000 	C:\WINDOWS\System32\profapi.dll
0x00007ff8b21a0000 - 0x00007ff8b21ea000 	C:\WINDOWS\System32\powrprof.dll
0x00007ff8b2190000 - 0x00007ff8b21a0000 	C:\WINDOWS\System32\UMPDC.dll
0x00007ff8b51c0000 - 0x00007ff8b5212000 	C:\WINDOWS\System32\shlwapi.dll
0x00007ff8b22b0000 - 0x00007ff8b22c7000 	C:\WINDOWS\System32\cryptsp.dll
0x00007ff88d670000 - 0x00007ff88d683000 	D:\jdk\bin\net.dll
0x00007ff8a7610000 - 0x00007ff8a770a000 	C:\WINDOWS\SYSTEM32\WINHTTP.dll
0x00007ff8b19d0000 - 0x00007ff8b1a37000 	C:\WINDOWS\system32\mswsock.dll
0x00007ff88d340000 - 0x00007ff88d356000 	D:\jdk\bin\nio.dll
0x00007ff88d2e0000 - 0x00007ff88d2f8000 	D:\jdk\bin\zip.dll
0x00007ff81ce20000 - 0x00007ff8236c7000 	D:\opencv\opencv\build\java\x64\opencv_java470.dll
0x00007ff8b3a60000 - 0x00007ff8b3bb7000 	C:\WINDOWS\System32\ole32.dll
0x00007ff8b3390000 - 0x00007ff8b3455000 	C:\WINDOWS\System32\OLEAUT32.dll
0x00007ff8ac5c0000 - 0x00007ff8ac7ba000 	C:\WINDOWS\SYSTEM32\MFPlat.DLL
0x00007ff88cd40000 - 0x00007ff88cdc2000 	C:\WINDOWS\SYSTEM32\MF.dll
0x00007ff8b0e40000 - 0x00007ff8b0f2b000 	C:\WINDOWS\SYSTEM32\dxgi.dll
0x00007ff874ec0000 - 0x00007ff874ff9000 	C:\WINDOWS\SYSTEM32\MFReadWrite.dll
0x00007ff8af460000 - 0x00007ff8af6bb000 	C:\WINDOWS\SYSTEM32\d3d11.dll
0x00007ff8b0db0000 - 0x00007ff8b0dd0000 	C:\WINDOWS\SYSTEM32\dxcore.dll
0x00007ff88b230000 - 0x00007ff88b61c000 	C:\WINDOWS\SYSTEM32\MFCORE.DLL
0x00007ff8b2510000 - 0x00007ff8b2661000 	C:\WINDOWS\System32\CRYPT32.dll
0x00007ff8b2230000 - 0x00007ff8b2242000 	C:\WINDOWS\System32\MSASN1.dll
0x00007ff8b2750000 - 0x00007ff8b2776000 	C:\WINDOWS\System32\bcrypt.dll
0x00007ff8aacb0000 - 0x00007ff8aacb9000 	C:\WINDOWS\SYSTEM32\ksuser.dll
0x00007ff8b1ba0000 - 0x00007ff8b1bac000 	C:\WINDOWS\SYSTEM32\CRYPTBASE.DLL
0x00007ff8ac1b0000 - 0x00007ff8ac1df000 	C:\WINDOWS\SYSTEM32\RTWorkQ.DLL
0x00007ff860270000 - 0x00007ff860471000 	D:\FTC\Aperture_CS\assets\libs\apriltagJNI.dll
0x00007ff88d240000 - 0x00007ff88d26b000 	C:\WINDOWS\SYSTEM32\VCRUNTIME140D.dll
0x00007ff8600a0000 - 0x00007ff860267000 	C:\WINDOWS\SYSTEM32\ucrtbased.dll
0x00007ff894770000 - 0x00007ff89477f000 	C:\WINDOWS\SYSTEM32\VCRUNTIME140_1D.dll
0x00007ff8945f0000 - 0x00007ff894600000 	D:\jdk\bin\verify.dll
0x00007ff88c7d0000 - 0x00007ff88c84b000 	C:\Users\Dolphinpod\AppData\Local\Temp\lwjgl_Dolphinpod\3.3.3+5\x64\lwjgl.dll
0x00007ff883990000 - 0x00007ff883a12000 	C:\Users\DOLPHI~1\AppData\Local\Temp\lwjgl_Dolphinpod\3.3.3+5\x64\glfw.dll
0x00007ff886360000 - 0x00007ff8863a3000 	C:\WINDOWS\SYSTEM32\dinput8.dll
0x00007ff8907c0000 - 0x00007ff8907d1000 	C:\WINDOWS\SYSTEM32\xinput1_4.dll
0x00007ff8b1fa0000 - 0x00007ff8b1fca000 	C:\WINDOWS\SYSTEM32\DEVOBJ.dll
0x00007ff8b09e0000 - 0x00007ff8b0a0d000 	C:\WINDOWS\SYSTEM32\dwmapi.dll
0x00007ff8a1880000 - 0x00007ff8a199b000 	C:\WINDOWS\SYSTEM32\inputhost.dll
0x00007ff8acfa0000 - 0x00007ff8ad2ca000 	C:\WINDOWS\SYSTEM32\CoreUIComponents.dll
0x00007ff8afd00000 - 0x00007ff8afdd4000 	C:\WINDOWS\SYSTEM32\CoreMessaging.dll
0x00007ff8add80000 - 0x00007ff8aded2000 	C:\WINDOWS\SYSTEM32\wintypes.dll
0x00007ff8b11b0000 - 0x00007ff8b11e1000 	C:\WINDOWS\SYSTEM32\ntmarta.dll
0x00007ff8aeaf0000 - 0x00007ff8aebdf000 	C:\WINDOWS\SYSTEM32\PROPSYS.dll
0x00007ff8b04b0000 - 0x00007ff8b0549000 	C:\WINDOWS\system32\uxtheme.dll
0x00007ff8b46a0000 - 0x00007ff8b47d5000 	C:\WINDOWS\System32\MSCTF.dll
0x00007ff888c50000 - 0x00007ff888ceb000 	C:\Program Files\TeamViewer\tv_x64.dll
0x00007ff8822f0000 - 0x00007ff882330000 	C:\Program Files\WIDCOMM\Bluetooth Software\btmmhook.dll
0x00007ff8b5100000 - 0x00007ff8b5108000 	C:\WINDOWS\System32\PSAPI.DLL
0x00007ff880c00000 - 0x00007ff880d56000 	C:\WINDOWS\SYSTEM32\opengl32.dll
0x00007ff8951c0000 - 0x00007ff8951ec000 	C:\WINDOWS\SYSTEM32\GLU32.dll
0x00007ff818b90000 - 0x00007ff81ce1a000 	C:\WINDOWS\System32\DriverStore\FileRepository\nv_dispig.inf_amd64_7e5fd280efaa5445\nvoglv64.dll
0x00007ff8b40a0000 - 0x00007ff8b4510000 	C:\WINDOWS\System32\SETUPAPI.dll
0x00007ff8aec40000 - 0x00007ff8aec53000 	C:\WINDOWS\SYSTEM32\WTSAPI32.dll
0x00007ff8a8b40000 - 0x00007ff8a8b6f000 	C:\WINDOWS\SYSTEM32\cryptnet.dll
0x00007ff8a89d0000 - 0x00007ff8a8b0c000 	C:\WINDOWS\SYSTEM32\drvstore.dll
0x00007ff8b1c40000 - 0x00007ff8b1c69000 	C:\WINDOWS\SYSTEM32\wldp.dll
0x00007ff8b2250000 - 0x00007ff8b22ac000 	C:\WINDOWS\System32\WINTRUST.dll
0x00007ff87f230000 - 0x00007ff87f501000 	C:\WINDOWS\system32\nvspcap64.dll
0x00007ff8b1220000 - 0x00007ff8b1276000 	C:\WINDOWS\SYSTEM32\WINSTA.dll
0x00007ff8a19a0000 - 0x00007ff8a1a3b000 	C:\WINDOWS\System32\TextInputFramework.dll
0x00007ff89f770000 - 0x00007ff89fa17000 	C:\WINDOWS\System32\iertutil.dll
0x00007ff882430000 - 0x00007ff88248e000 	C:\Users\Dolphinpod\AppData\Local\Temp\lwjgl_Dolphinpod\3.3.3+5\x64\lwjgl_opengl.dll
0x00007ff85f2b0000 - 0x00007ff860097000 	C:\Users\Dolphinpod\AppData\Local\Temp\imgui-java-natives_1704305241662\imgui-java64.dll
0x00007ff880d80000 - 0x00007ff880e02000 	C:\Users\Dolphinpod\AppData\Local\Temp\lwjgl_Dolphinpod\3.3.3+5\x64\lwjgl_stb.dll
0x00007ff8b0d50000 - 0x00007ff8b0d5e000 	C:\WINDOWS\SYSTEM32\HID.DLL
0x00007ff8b4f30000 - 0x00007ff8b4fd2000 	C:\WINDOWS\System32\clbcatq.dll
0x00007ff8aa100000 - 0x00007ff8aa13c000 	C:\Windows\System32\deviceaccess.dll

dbghelp: loaded successfully - version: 4.0.5 - missing functions: none
symbol engine: initialized successfully - sym options: 0x614 - pdb path: .;D:\jdk\bin;C:\WINDOWS\SYSTEM32;C:\WINDOWS\WinSxS\amd64_microsoft.windows.common-controls_6595b64144ccf1df_6.0.18362.1556_none_9e7e372fe45e41d5;D:\jdk\bin\server;D:\opencv\opencv\build\java\x64;D:\FTC\Aperture_CS\assets\libs;C:\Users\Dolphinpod\AppData\Local\Temp\lwjgl_Dolphinpod\3.3.3+5\x64;C:\Users\DOLPHI~1\AppData\Local\Temp\lwjgl_Dolphinpod\3.3.3+5\x64;C:\Program Files\TeamViewer;C:\Program Files\WIDCOMM\Bluetooth Software;C:\WINDOWS\System32\DriverStore\FileRepository\nv_dispig.inf_amd64_7e5fd280efaa5445;C:\Users\Dolphinpod\AppData\Local\Temp\imgui-java-natives_1704305241662

VM Arguments:
jvm_args: -Dfile.encoding=windows-1252 -Duser.country=US -Duser.language=en -Duser.variant 
java_command: org.example.Main
java_class_path (initial): D:\FTC\Aperture_CS\Runner\build\classes\java\main;D:\FTC\Aperture_CS\Runner\build\resources\main;D:\opencv\opencv\build\java\opencv-470.jar;D:\FTC\Aperture_CS\TeamCode\build\libs\TeamCode.jar;D:\FTC\Aperture_CS\Simulator\build\libs\Simulator.jar;D:\FTC\Aperture_CS\.gradle\caches\modules-2\files-2.1\io.github.spair\imgui-java-app\1.86.10\b5b9653a24756be6751f6f3ccfa71a5c4277a021\imgui-java-app-1.86.10.jar;D:\FTC\Aperture_CS\.gradle\caches\modules-2\files-2.1\io.github.spair\imgui-java-lwjgl3\1.86.10\c48959a4337d5043840cda8c010bb387d0ef2c36\imgui-java-lwjgl3-1.86.10.jar;D:\FTC\Aperture_CS\.gradle\caches\modules-2\files-2.1\org.lwjgl\lwjgl-assimp\3.3.3\c2c34011cbda30ed8cf98bc5cbf97b49afe5279a\lwjgl-assimp-3.3.3.jar;D:\FTC\Aperture_CS\.gradle\caches\modules-2\files-2.1\org.lwjgl\lwjgl-assimp\3.3.3\d90ccdade594716062975cffd1431d387f770ac4\lwjgl-assimp-3.3.3-natives-windows.jar;D:\FTC\Aperture_CS\.gradle\caches\modules-2\files-2.1\org.lwjgl\lwjgl-glfw\3.3.3\efa1eb78c5ccd840e9f329717109b5e892d72f8e\lwjgl-glfw-3.3.3.jar;D:\FTC\Aperture_CS\.gradle\caches\modules-2\files-2.1\org.lwjgl\lwjgl-glfw\3.3.3\e449e28b4891fc423c54c85fbc5bb0b9efece67a\lwjgl-glfw-3.3.3-natives-windows.jar;D:\FTC\Aperture_CS\.gradle\caches\modules-2\files-2.1\org.lwjgl\lwjgl-glfw\3.3.3\a03684c5e4b1b1dbbe0d29dbbdc27b985b6840f2\lwjgl-glfw-3.3.3-natives-linux.jar;D:\FTC\Aperture_CS\.gradle\caches\modules-2\files-2.1\org.lwjgl\lwjgl-glfw\3.3.3\a1bf400f6bc64e6195596cb1430dafda46090751\lwjgl-glfw-3.3.3-natives-macos.jar;D:\FTC\Aperture_CS\.gradle\caches\modules-2\files-2.1\org.lwjgl\lwjgl-openal\3.3.3\daada81ceb5fc0c291fbfdd4433cb8d9423577f2\lwjgl-openal-3.3.3.jar;D:\FTC\Aperture_CS\.gradle\caches\modules-2\files-2.1\org.lwjgl\lwjgl-openal\3.3.3\cf83862ae95d98496b26915024c7e666d8ab1c8f\lwjgl-openal-3.3.3-natives-windows.jar;D:\FTC\Aperture_CS\.gradle\caches\modules-2\files-2.1\org.lwjgl\lwjgl-opengl\3.3.3\2f6b0147078396a58979125a4c947664e98293a\lwjgl-opengl-3.3.3.jar;D:\FTC\Aperture_CS\.gradle\caches\modules-2\files-2.1\org.lwjgl\lwjgl-opengl\3.3.3\e6c1eec8be8a71951b830a4d69efc01c6531900c\lwjgl-opengl-3.3.3-natives-windows.jar;D:\FTC\Aperture_CS\.gradle\caches\modules-2\files-2.1\org.lwjgl\lwjgl-opengl\3.3.3\62c70a4b00ca5391882b0f4b787c1588d24f1c86\lwjgl-opengl-3.3.3-natives-linux.jar;D:\FTC\Aperture_CS\.gradle\caches\modules-2\files-2.1\org.lwjgl\lwjgl-opengl\3.3.3\1bd45997551ae8a28469f3a2b678f4b7289e12c0\lwjgl-opengl-3.3.3-natives-macos.jar;D:\FTC\Aperture_CS\.gradle\caches\modules-2\files-2.1\org.lwjgl\lwjgl-shaderc\3.3.3\ae740d58fdc809c4350358a872b076bacbec27c1\lwjgl-shaderc-3.3.3.jar;D:\FTC\Aperture_CS\.gradle\caches\modules-2\files-2.1\org.lwjgl\lwjgl-shaderc\3.3.3\2bdcb9d4c1a8debf8c82dcb6968c3f23f126af6b\lwjgl-shaderc-3.3.3-natives-windows.jar;D:\FTC\Aperture_CS\.gradle\caches\modules-2\files-2.1\org.lwjgl\lwjgl-stb\3.3.3\25dd6161988d7e65f71d5065c99902402ee32746\lwjgl-stb-3.3.3.jar;D:\FTC\Aperture_CS\.gradle\caches\modules-2\files-2.1\org.lwjgl\lwjgl-stb\3.3.3\1d9facdf6541de114b0f963be33505b7679c78cb\lwjgl-stb-3.3.3-natives-windows.jar;D:\FTC\Aperture_CS\.gradle\caches\modules-2\files-2.1\org.lwjgl\lwjgl\3.3.3\29589b5f87ed335a6c7e7ee6a5775f81f97ecb84\lwjgl-3.3.3.jar;D:\FTC\Aperture_CS\.gradle\caches\modules-2\files-2.1\org.lwjgl\lwjgl\3.3.3\a5ed18a2b82fc91b81f40d717cb1f64c9dcb0540\lwjgl-3.3.3-natives-windows.jar;D:\FTC\Aperture_CS\.gradle\caches\modules-2\files-2.1\org.lwjgl\lwjgl\3.3.3\1713758e3660ba66e1e954396fd18126038b33c0\lwjgl-3.3.3-natives-linux.jar;D:\FTC\Aperture_CS\.gradle\caches\modules-2\files-2.1\org.lwjgl\lwjgl\3.3.3\33a6efa288390490ce6eb6c3df47ac21ecf648cf\lwjgl-3.3.3-natives-macos.jar;D:\FTC\Aperture_CS\.gradle\caches\modules-2\files-2.1\org.joml\joml\1.10.5\22566d58af70ad3d72308bab63b8339906deb649\joml-1.10.5.jar;D:\FTC\Aperture_CS\.gradle\caches\modules-2\files-2.1\io.github.spair\imgui-java-binding\1.86.10\7f746c4f0afabac30aeb76907765a5893c48cdac\imgui-java-binding-1.86.10.jar
Launcher Type: SUN_STANDARD

[Global flags]
     intx CICompilerCount                          = 4                                         {product} {ergonomic}
     uint ConcGCThreads                            = 2                                         {product} {ergonomic}
     uint G1ConcRefinementThreads                  = 8                                         {product} {ergonomic}
   size_t G1HeapRegionSize                         = 2097152                                   {product} {ergonomic}
    uintx GCDrainStackTargetSize                   = 64                                        {product} {ergonomic}
   size_t InitialHeapSize                          = 268435456                                 {product} {ergonomic}
   size_t MarkStackSize                            = 4194304                                   {product} {ergonomic}
   size_t MaxHeapSize                              = 4282384384                                {product} {ergonomic}
   size_t MaxNewSize                               = 2569011200                                {product} {ergonomic}
   size_t MinHeapDeltaBytes                        = 2097152                                   {product} {ergonomic}
   size_t MinHeapSize                              = 8388608                                   {product} {ergonomic}
    uintx NonNMethodCodeHeapSize                   = 5839372                                {pd product} {ergonomic}
    uintx NonProfiledCodeHeapSize                  = 122909434                              {pd product} {ergonomic}
    uintx ProfiledCodeHeapSize                     = 122909434                              {pd product} {ergonomic}
    uintx ReservedCodeCacheSize                    = 251658240                              {pd product} {ergonomic}
     bool SegmentedCodeCache                       = true                                      {product} {ergonomic}
   size_t SoftMaxHeapSize                          = 4282384384                             {manageable} {ergonomic}
     bool UseCompressedClassPointers               = true                           {product lp64_product} {ergonomic}
     bool UseCompressedOops                        = true                           {product lp64_product} {ergonomic}
     bool UseG1GC                                  = true                                      {product} {ergonomic}
     bool UseLargePagesIndividualAllocation        = false                                  {pd product} {ergonomic}

Logging:
Log output configuration:
 #0: stdout all=warning uptime,level,tags foldmultilines=false
 #1: stderr all=off uptime,level,tags foldmultilines=false

Environment Variables:
JAVA_HOME=C:\Program Files\Java\jdk1.8.0_251
PATH=C:\PROGRAM FILES (X86)\VMWARE\VMWARE PLAYER\BIN\;C:\PROGRAM FILES\NVIDIA GPU COMPUTING TOOLKIT\CUDA\V11.4\BIN;C:\PROGRAM FILES\NVIDIA GPU COMPUTING TOOLKIT\CUDA\V11.4\LIBNVVP;C:\PROGRAM FILES\COMMON FILES\ORACLE\JAVA\JAVAPATH;C:\PROGRAM FILES (X86)\COMMON FILES\ORACLE\JAVA\JAVAPATH;C:\WINDOWS\SYSTEM32;C:\WINDOWS;C:\WINDOWS\SYSTEM32\WBEM;C:\WINDOWS\SYSTEM32\WINDOWSPOWERSHELL\V1.0\;C:\WINDOWS\SYSTEM32\OPENSSH\;C:\PROGRAM FILES\JAVA\JDK1.8.0_251\BIN;C:\PROGRAM FILES\CALIBRE2\;C:\PROGRAM FILES\NVIDIA CORPORATION\NVIDIA NVDLISR;D:\MINECRAFT\GIT\GIT\CMD;C:\PROGRAM FILES\MICROSOFT SQL SERVER\130\TOOLS\BINN\;C:\PROGRAM FILES\MICROSOFT SQL SERVER\CLIENT SDK\ODBC\170\TOOLS\BINN\;C:\PROGRAM FILES (X86)\WINDOWS KITS\10\WINDOWS PERFORMANCE TOOLKIT\;C:\PROGRAM FILES\NVIDIA CORPORATION\NSIGHT COMPUTE 2021.2.2\;C:\PROGRAM FILES (X86)\NVIDIA CORPORATION\PHYSX\COMMON;C:\PROGRAM FILES\DOTNET\;;C:\PROGRAM FILES\NODEJS\;C:\PROGRAM FILES\GIT\CMD;C:\PROGRAM FILES (X86)\DOTNET\;C:\Program Files\WIDCOMM\Bluetooth Software\;C:\Program Files\WIDCOMM\Bluetooth Software\syswow64;C:\Program Files\CMake\bin;C:\Users\Dolphinpod\.cargo\bin;C:\Users\Dolphinpod\AppData\Local\Microsoft\WindowsApps;C:\Users\Dolphinpod\AppData\Local\atom\bin;C:\Users\Dolphinpod\AppData\Local\Microsoft\WindowsApps;C:\Users\Dolphinpod\AppData\Local\GitHubDesktop\bin;C:\Program Files (x86)\Nmap;C:\Users\Dolphinpod\.dotnet\tools;C:\Users\Dolphinpod\AppData\Local\Programs\Fiddler;C:\Users\Dolphinpod\AppData\Local\Programs\Microsoft VS Code\bin;C:\Program Files (x86)\Atmel\Flip 3.4.7\bin;C:\Users\Dolphinpod\.dotnet\tools;C:\Users\Dolphinpod\AppData\Roaming\npm
USERNAME=Dolphinpod
OS=Windows_NT
PROCESSOR_IDENTIFIER=AMD64 Family 23 Model 1 Stepping 1, AuthenticAMD
TMP=C:\Users\DOLPHI~1\AppData\Local\Temp
TEMP=C:\Users\DOLPHI~1\AppData\Local\Temp




---------------  S Y S T E M  ---------------

OS:
 Windows 10 , 64 bit Build 18362 (10.0.18362.1500)
OS uptime: 7 days 22:32 hours

CPU: total 8 (initial active 8) (8 cores per cpu, 2 threads per core) family 23 model 1 stepping 1 microcode 0x0, cx8, cmov, fxsr, ht, mmx, 3dnowpref, sse, sse2, sse3, ssse3, sse4a, sse4.1, sse4.2, popcnt, lzcnt, tsc, tscinvbit, avx, avx2, aes, clmul, bmi1, bmi2, adx, sha, fma, vzeroupper, clflush, clflushopt, rdtscp, f16c

Memory: 4k page, system-wide physical 16335M (3857M free)
TotalPageFile size 30181M (AvailPageFile size 8331M)
current process WorkingSet (physical memory assigned to process): 245M, peak: 247M
current process commit charge ("private bytes"): 567M, peak: 568M

vm_info: OpenJDK 64-Bit Server VM (20.0.2+9-78) for windows-amd64 JRE (20.0.2+9-78), built on 2023-06-14T10:08:48Z by "mach5one" with MS VC++ 17.1 (VS2022)

END.
